Build started 5/31/2014 8:23:38 AM.
     1>Project "E:\projects\task8_1\task8_1\task8_1.vcxproj" on node 2 (Build target(s)).
     1>ClCompile:
         E:\visual studio\VC\bin\CL.exe /c /ZI /nologo /W3 /WX- /sdl /Od /Oy- /D WIN32 /D _DEBUG /D _CONSOLE /D _LIB /D _UNICODE /D UNICODE /Gm /EHsc /RTC1 /MDd /GS /fp:precise /Zc:wchar_t /Zc:forScope /Yu"stdafx.h" /Fp"Debug\task8_1.pch" /Fo"Debug\\" /Fd"Debug\vc120.pdb" /Gd /TP /analyze- /errorReport:prompt championship.cpp
         championship.cpp
     1>e:\projects\task8_1\task8_1\championship.cpp(82): warning C4244: '=' : conversion from 'double' to 'unsigned int', possible loss of data
         E:\visual studio\VC\bin\CL.exe /c /ZI /nologo /W3 /WX- /sdl /Od /Oy- /D WIN32 /D _DEBUG /D _CONSOLE /D _LIB /D WIN32 /D _DEBUG /D _CONSOLE /D _LIB /D _UNICODE /D UNICODE /Gm /EHsc /RTC1 /MDd /GS /fp:precise /Zc:wchar_t /Zc:forScope /Yu"stdafx.h" /Fp"Debug\task8_1.pch" /Fo"Debug\\" /Fd"Debug\vc120.pdb" /Gd /TP /analyze- /errorReport:prompt task8_1.cpp
         task8_1.cpp
     1>e:\projects\task8_1\task8_1\task8_1.cpp(59): warning C4018: '<' : signed/unsigned mismatch
     1>e:\projects\task8_1\task8_1\task8_1.cpp(28): warning C4101: 'tournir' : unreferenced local variable
     1>e:\projects\task8_1\task8_1\task8_1.cpp(118): warning C4800: 'unsigned char' : forcing value to bool 'true' or 'false' (performance warning)
     1>e:\projects\task8_1\task8_1\task8_1.cpp(125): warning C4800: 'unsigned char' : forcing value to bool 'true' or 'false' (performance warning)
     1>e:\projects\task8_1\task8_1\task8_1.cpp(132): warning C4800: 'unsigned char' : forcing value to bool 'true' or 'false' (performance warning)
       Link:
         E:\visual studio\VC\bin\link.exe /ERRORREPORT:PROMPT /OUT:"E:\projects\task8_1\Debug\task8_1.exe" /INCREMENTAL /NOLOGO kernel32.lib user32.lib gdi32.lib winspool.lib comdlg32.lib advapi32.lib shell32.lib ole32.lib oleaut32.lib uuid.lib odbc32.lib odbccp32.lib /MANIFEST /MANIFESTUAC:"level='asInvoker' uiAccess='false'" /manifest:embed /DEBUG /PDB:"E:\projects\task8_1\Debug\task8_1.pdb" /SUBSYSTEM:CONSOLE /TLBID:1 /DYNAMICBASE /NXCOMPAT /IMPLIB:"E:\projects\task8_1\Debug\task8_1.lib" /MACHINE:X86 Debug\championship.obj
         Debug\Team.obj
         Debug\stdafx.obj
         Debug\task8_1.obj
         task8_1.vcxproj -> E:\projects\task8_1\Debug\task8_1.exe
     1>Done Building Project "E:\projects\task8_1\task8_1\task8_1.vcxproj" (Build target(s)).

Build succeeded.

Time Elapsed 00:00:06.54
